<?xml version="1.0" encoding="UTF-8"?>
<testsuite name="WizardTD.TestClass" tests="1" skipped="0" failures="0" errors="0" timestamp="2023-10-27T11:15:27" hostname="MacBook-Pro-13.local" time="0.062">
  <properties/>
  <testcase name="constructorTest()" classname="WizardTD.TestClass" time="0.062"/>
  <system-out><![CDATA[]]></system-out>
  <system-err><![CDATA[]]></system-err>
</testsuite>
